Determining if the pthread_create exist failed with the following output:
Change Dir: /program/robot_behavior/jdrobot_ws/src/map_process/build/CMakeFiles/CMakeTmp

Run Build Command:/usr/bin/make "cmTryCompileExec2273100482/fast"
/usr/bin/make -f CMakeFiles/cmTryCompileExec2273100482.dir/build.make CMakeFiles/cmTryCompileExec2273100482.dir/build
make[1]: Entering directory `/program/robot_behavior/jdrobot_ws/src/map_process/build/CMakeFiles/CMakeTmp'
/usr/bin/cmake -E cmake_progress_report /program/robot_behavior/jdrobot_ws/src/map_process/build/CMakeFiles/CMakeTmp/CMakeFiles 1
Building C object CMakeFiles/cmTryCompileExec2273100482.dir/CheckSymbolExists.c.o
/usr/bin/cc    -o CMakeFiles/cmTryCompileExec2273100482.dir/CheckSymbolExists.c.o   -c /program/robot_behavior/jdrobot_ws/src/map_process/build/CMakeFiles/CMakeTmp/CheckSymbolExists.c
Linking C executable cmTryCompileExec2273100482
/usr/bin/cmake -E cmake_link_script CMakeFiles/cmTryCompileExec2273100482.dir/link.txt --verbose=1
/usr/bin/cc       CMakeFiles/cmTryCompileExec2273100482.dir/CheckSymbolExists.c.o  -o cmTryCompileExec2273100482 -rdynamic 
CMakeFiles/cmTryCompileExec2273100482.dir/CheckSymbolExists.c.o: In function `main':
CheckSymbolExists.c:(.text+0x16): undefined reference to `pthread_create'
collect2: error: ld returned 1 exit status
make[1]: *** [cmTryCompileExec2273100482] Error 1
make[1]: Leaving directory `/program/robot_behavior/jdrobot_ws/src/map_process/build/CMakeFiles/CMakeTmp'
make: *** [cmTryCompileExec2273100482/fast] Error 2

File /program/robot_behavior/jdrobot_ws/src/map_process/build/CMakeFiles/CMakeTmp/CheckSymbolExists.c:
/* */
#include <pthread.h>

int main(int argc, char** argv)
{
  (void)argv;
#ifndef pthread_create
  return ((int*)(&pthread_create))[argc];
#else
  (void)argc;
  return 0;
#endif
}

Determining if the function pthread_create exists in the pthreads failed with the following output:
Change Dir: /program/robot_behavior/jdrobot_ws/src/map_process/build/CMakeFiles/CMakeTmp

Run Build Command:/usr/bin/make "cmTryCompileExec3643912943/fast"
/usr/bin/make -f CMakeFiles/cmTryCompileExec3643912943.dir/build.make CMakeFiles/cmTryCompileExec3643912943.dir/build
make[1]: Entering directory `/program/robot_behavior/jdrobot_ws/src/map_process/build/CMakeFiles/CMakeTmp'
/usr/bin/cmake -E cmake_progress_report /program/robot_behavior/jdrobot_ws/src/map_process/build/CMakeFiles/CMakeTmp/CMakeFiles 1
Building C object CMakeFiles/cmTryCompileExec3643912943.dir/CheckFunctionExists.c.o
/usr/bin/cc   -DCHECK_FUNCTION_EXISTS=pthread_create   -o CMakeFiles/cmTryCompileExec3643912943.dir/CheckFunctionExists.c.o   -c /usr/share/cmake-2.8/Modules/CheckFunctionExists.c
Linking C executable cmTryCompileExec3643912943
/usr/bin/cmake -E cmake_link_script CMakeFiles/cmTryCompileExec3643912943.dir/link.txt --verbose=1
/usr/bin/cc   -DCHECK_FUNCTION_EXISTS=pthread_create    CMakeFiles/cmTryCompileExec3643912943.dir/CheckFunctionExists.c.o  -o cmTryCompileExec3643912943 -rdynamic -lpthreads 
/usr/bin/ld: cannot find -lpthreads
collect2: error: ld returned 1 exit status
make[1]: *** [cmTryCompileExec3643912943] Error 1
make[1]: Leaving directory `/program/robot_behavior/jdrobot_ws/src/map_process/build/CMakeFiles/CMakeTmp'
make: *** [cmTryCompileExec3643912943/fast] Error 2


